<?xml version="1.0" encoding="UTF-8"?>
<!-- Generated by org.testng.reporters.JUnitXMLReporter -->
<testsuite hostname="DESKTOP-QNJN1CT" ignored="2" name="basic test" tests="3" failures="0" timestamp="25 Nov 2019 15:23:01 GMT" time="82.264" errors="0">
  <testcase name="loginTest" time="6.147" classname="com.shopping.yourlogo.TestExecution"/>
  <testcase name="SignInPage" time="12.34" classname="com.shopping.yourlogo.TestExecution"/>
  <testcase name="ItemAddedToCart" time="16.591" classname="com.shopping.yourlogo.TestExecution"/>
  <testcase name="LoginVerification" time="0.0" classname="com.shopping.yourlogo.TestExecution">
    <ignored/>
  </testcase> <!-- LoginVerification -->
  <testcase name="signInValidations" time="0.0" classname="com.shopping.yourlogo.TestExecution">
    <ignored/>
  </testcase> <!-- signInValidations -->
</testsuite> <!-- basic test -->
