<?xml version="1.0" encoding="UTF-8"?>
<!-- Generated by org.testng.reporters.JUnitXMLReporter -->
<testsuite hostname="DESKTOP-QNJN1CT" ignored="0" name="Default test" tests="4" failures="0" timestamp="25 Nov 2019 12:14:41 GMT" time="43.03" errors="0">
  <testcase name="loginTest" time="0.343" classname="com.shopping.yourlogo.TestExecution"/>
  <testcase name="SignInPage" time="7.815" classname="com.shopping.yourlogo.TestExecution"/>
  <testcase name="ItemAddedToCart" time="13.926" classname="com.shopping.yourlogo.TestExecution"/>
  <testcase name="LoginVerification" time="2.879" classname="com.shopping.yourlogo.TestExecution"/>
</testsuite> <!-- Default test -->
